Determining if the pthread_create exist failed with the following output:
Change Dir: /home/paul/jackal_ws/build/CMakeFiles/CMakeTmp

Run Build Command:"/usr/bin/make" "cmTC_14f2d/fast"
/usr/bin/make -f CMakeFiles/cmTC_14f2d.dir/build.make CMakeFiles/cmTC_14f2d.dir/build
make[1]: Entering directory '/home/paul/jackal_ws/build/CMakeFiles/CMakeTmp'
Building C object CMakeFiles/cmTC_14f2d.dir/CheckSymbolExists.c.o
/usr/bin/cc     -o CMakeFiles/cmTC_14f2d.dir/CheckSymbolExists.c.o   -c /home/paul/jackal_ws/build/CMakeFiles/CMakeTmp/CheckSymbolExists.c
Linking C executable cmTC_14f2d
/usr/bin/cmake -E cmake_link_script CMakeFiles/cmTC_14f2d.dir/link.txt --verbose=1
/usr/bin/cc       CMakeFiles/cmTC_14f2d.dir/CheckSymbolExists.c.o  -o cmTC_14f2d -rdynamic 
CMakeFiles/cmTC_14f2d.dir/CheckSymbolExists.c.o: In function `main':
CheckSymbolExists.c:(.text+0x16): undefined reference to `pthread_create'
collect2: error: ld returned 1 exit status
CMakeFiles/cmTC_14f2d.dir/build.make:97: recipe for target 'cmTC_14f2d' failed
make[1]: *** [cmTC_14f2d] Error 1
make[1]: Leaving directory '/home/paul/jackal_ws/build/CMakeFiles/CMakeTmp'
Makefile:126: recipe for target 'cmTC_14f2d/fast' failed
make: *** [cmTC_14f2d/fast] Error 2

File /home/paul/jackal_ws/build/CMakeFiles/CMakeTmp/CheckSymbolExists.c:
/* */
#include <pthread.h>

int main(int argc, char** argv)
{
  (void)argv;
#ifndef pthread_create
  return ((int*)(&pthread_create))[argc];
#else
  (void)argc;
  return 0;
#endif
}

Determining if the function pthread_create exists in the pthreads failed with the following output:
Change Dir: /home/paul/jackal_ws/build/CMakeFiles/CMakeTmp

Run Build Command:"/usr/bin/make" "cmTC_53d8f/fast"
/usr/bin/make -f CMakeFiles/cmTC_53d8f.dir/build.make CMakeFiles/cmTC_53d8f.dir/build
make[1]: Entering directory '/home/paul/jackal_ws/build/CMakeFiles/CMakeTmp'
Building C object CMakeFiles/cmTC_53d8f.dir/CheckFunctionExists.c.o
/usr/bin/cc    -DCHECK_FUNCTION_EXISTS=pthread_create   -o CMakeFiles/cmTC_53d8f.dir/CheckFunctionExists.c.o   -c /usr/share/cmake-3.5/Modules/CheckFunctionExists.c
Linking C executable cmTC_53d8f
/usr/bin/cmake -E cmake_link_script CMakeFiles/cmTC_53d8f.dir/link.txt --verbose=1
/usr/bin/cc   -DCHECK_FUNCTION_EXISTS=pthread_create    CMakeFiles/cmTC_53d8f.dir/CheckFunctionExists.c.o  -o cmTC_53d8f -rdynamic -lpthreads 
/usr/bin/ld: cannot find -lpthreads
collect2: error: ld returned 1 exit status
CMakeFiles/cmTC_53d8f.dir/build.make:97: recipe for target 'cmTC_53d8f' failed
make[1]: *** [cmTC_53d8f] Error 1
make[1]: Leaving directory '/home/paul/jackal_ws/build/CMakeFiles/CMakeTmp'
Makefile:126: recipe for target 'cmTC_53d8f/fast' failed
make: *** [cmTC_53d8f/fast] Error 2


